C51 COMPILER V9.60.0.0   ROLL                                                              01/05/2021 14:53:03 PAGE 1   


C51 COMPILER V9.60.0.0, COMPILATION OF MODULE ROLL
OBJECT MODULE PLACED IN .\Objects\roll.obj
COMPILER INVOKED BY: C:\Keil_v5\C51\BIN\C51.EXE roll.c OMF2 OPTIMIZE(8,SPEED) BROWSE DEBUG PRINT(.\Listings\roll.lst) TA
                    -BS(2) OBJECT(.\Objects\roll.obj)

line level    source

   1          #include<stdio.h>
   2          #include<reg51.h>
   3          
   4          char xdata CommW _at_ 0xe803;
   5          char xdata portB _at_ 0xe801;
   6          char xdata portC _at_ 0xe802;
   7          char port[20] = {0x8e,0xf9,0xde,0x86,0xff,0xff,0xff,0xff,0x89,0x86,0xc7,0x8c},i;
   8          void delay()
   9          {
  10   1      long u;
  11   1      for(u=0;u<8000;u++);
  12   1      }
  13          void main()
  14          {
  15   1      int d,b,j,m;
  16   1      unsigned char k;
  17   1      CommW = 0x80;
  18   1      do
  19   1      {
  20   2      
  21   2      i=0;
  22   2      for(d=0;d<3;d++)
  23   2      {
  24   3      for(b=0;b<4;b++)
  25   3      {
  26   4      k = port[i++];
  27   4      
  28   4      for(j=0;j<8;j++)
  29   4      {
  30   5      m=k;
  31   5      k=k&0x80;
  32   5      {
  33   6      if(k==00)
  34   6      portB=0x00;
  35   6      else
  36   6      portB=0x01;
  37   6      }
  38   5      portC = 0x01;
  39   5      portC = 0x00;
  40   5      k=m;
  41   5      k<<=1;
  42   5      }
  43   4      }
  44   3      delay();
  45   3      }
  46   2      }
  47   1      while(1);
  48   1      }


MODULE INFORMATION:   STATIC OVERLAYABLE
   CODE SIZE        =    168    ----
   CONSTANT SIZE    =   ----    ----
   XDATA SIZE       =   ----    ----
C51 COMPILER V9.60.0.0   ROLL                                                              01/05/2021 14:53:03 PAGE 2   

   PDATA SIZE       =   ----    ----
   DATA SIZE        =     21       8
   IDATA SIZE       =   ----    ----
   BIT SIZE         =   ----    ----
   EDATA SIZE       =   ----    ----
   HDATA SIZE       =   ----    ----
   XDATA CONST SIZE =   ----    ----
   FAR CONST SIZE   =   ----    ----
END OF MODULE INFORMATION.


C51 COMPILATION COMPLETE.  0 WARNING(S),  0 ERROR(S)
